<?xml version="1.0" encoding="UTF-8"?>
<!-- Generated by org.testng.reporters.JUnitXMLReporter -->
<testsuite hostname="DESKTOP-TKHS2O9" ignored="0" name="Default test" tests="6" failures="0" timestamp="2022-04-01T16:07:29 IST" time="24.902" errors="0">
  <testcase name="urlLaunchDetails" time="8.118" classname="com.hotelbookingrunnerclass.RunnerClass_TestNG"/>
  <testcase name="loginPageDetails" time="3.546" classname="com.hotelbookingrunnerclass.RunnerClass_TestNG"/>
  <testcase name="SearchHotelPage" time="2.583" classname="com.hotelbookingrunnerclass.RunnerClass_TestNG"/>
  <testcase name="SelectHotelPage" time="0.928" classname="com.hotelbookingrunnerclass.RunnerClass_TestNG"/>
  <testcase name="BookAHotelPage" time="0.942" classname="com.hotelbookingrunnerclass.RunnerClass_TestNG"/>
  <testcase name="BookedItineraryPage" time="8.085" classname="com.hotelbookingrunnerclass.RunnerClass_TestNG"/>
</testsuite> <!-- Default test -->
