<?xml version="1.0" encoding="UTF-8"?>
<testng-results skipped="0" failed="0" ignored="0" total="6" passed="6">
  <reporter-output>
  </reporter-output>
  <suite name="Default suite" duration-ms="24902" started-at="2022-04-01T16:07:04 IST" finished-at="2022-04-01T16:07:29 IST">
    <groups>
    </groups>
    <test name="Default test" duration-ms="24902" started-at="2022-04-01T16:07:04 IST" finished-at="2022-04-01T16:07:29 IST">
      <class name="com.hotelbookingrunnerclass.RunnerClass_TestNG">
        <test-method status="PASS" signature="reportGeneration()[pri:0, instance:com.hotelbookingrunnerclass.RunnerClass_TestNG@553f1d75]" name="reportGeneration" is-config="true" duration-ms="250" started-at="2022-04-01T16:07:04 IST" finished-at="2022-04-01T16:07:04 IST">
          <reporter-output>
          </reporter-output>
        </test-method> <!-- reportGeneration -->
        <test-method status="PASS" signature="urlLaunchDetails()[pri:1, instance:com.hotelbookingrunnerclass.RunnerClass_TestNG@553f1d75]" name="urlLaunchDetails" duration-ms="8118" started-at="2022-04-01T16:07:04 IST" finished-at="2022-04-01T16:07:12 IST">
          <reporter-output>
          </reporter-output>
        </test-method> <!-- urlLaunchDetails -->
        <test-method status="PASS" signature="loginPageDetails()[pri:2, instance:com.hotelbookingrunnerclass.RunnerClass_TestNG@553f1d75]" name="loginPageDetails" duration-ms="3546" started-at="2022-04-01T16:07:12 IST" finished-at="2022-04-01T16:07:16 IST">
          <reporter-output>
          </reporter-output>
        </test-method> <!-- loginPageDetails -->
        <test-method status="PASS" signature="SearchHotelPage()[pri:3, instance:com.hotelbookingrunnerclass.RunnerClass_TestNG@553f1d75]" name="SearchHotelPage" duration-ms="2583" started-at="2022-04-01T16:07:16 IST" finished-at="2022-04-01T16:07:18 IST">
          <reporter-output>
          </reporter-output>
        </test-method> <!-- SearchHotelPage -->
        <test-method status="PASS" signature="SelectHotelPage()[pri:4, instance:com.hotelbookingrunnerclass.RunnerClass_TestNG@553f1d75]" name="SelectHotelPage" duration-ms="928" started-at="2022-04-01T16:07:18 IST" finished-at="2022-04-01T16:07:19 IST">
          <reporter-output>
          </reporter-output>
        </test-method> <!-- SelectHotelPage -->
        <test-method status="PASS" signature="BookAHotelPage()[pri:5, instance:com.hotelbookingrunnerclass.RunnerClass_TestNG@553f1d75]" name="BookAHotelPage" duration-ms="942" started-at="2022-04-01T16:07:19 IST" finished-at="2022-04-01T16:07:20 IST">
          <reporter-output>
          </reporter-output>
        </test-method> <!-- BookAHotelPage -->
        <test-method status="PASS" signature="BookedItineraryPage()[pri:6, instance:com.hotelbookingrunnerclass.RunnerClass_TestNG@553f1d75]" name="BookedItineraryPage" duration-ms="8085" started-at="2022-04-01T16:07:20 IST" finished-at="2022-04-01T16:07:28 IST">
          <reporter-output>
          </reporter-output>
        </test-method> <!-- BookedItineraryPage -->
        <test-method status="PASS" signature="flush()[pri:0, instance:com.hotelbookingrunnerclass.RunnerClass_TestNG@553f1d75]" name="flush" is-config="true" duration-ms="408" started-at="2022-04-01T16:07:28 IST" finished-at="2022-04-01T16:07:29 IST">
          <reporter-output>
          </reporter-output>
        </test-method> <!-- flush -->
      </class> <!-- com.hotelbookingrunnerclass.RunnerClass_TestNG -->
    </test> <!-- Default test -->
  </suite> <!-- Default suite -->
</testng-results>
